<?xml version="1.0" encoding="UTF-8"?>
<testsuite xmlns:xsi="http://www.w3.org/2001/XMLSchema-instance" xsi:noNamespaceSchemaLocation="https://maven.apache.org/surefire/maven-surefire-plugin/xsd/surefire-test-report-3.0.xsd" version="3.0" name="com.RunCucumberTest" time="39.996" tests="10" errors="1" skipped="0" failures="0">
  <properties>
[...]
</properties>
  <testcase name="Successful Email Verification" classname="Email Verification" time="0.18">
    <error message="class com.example.cucumber_selenium.EmailVerificationSteps does not have a public zero-argument constructor.&#10;&#10;To use dependency injection add an other ObjectFactory implementation such as:&#10; * cucumber-picocontainer&#10; * cucumber-spring&#10; * cucumber-jakarta-cdi&#10; * ...etc&#10;" type="io.cucumber.core.exception.CucumberException"><![CDATA[io.cucumber.core.exception.CucumberException: 
class com.example.cucumber_selenium.EmailVerificationSteps does not have a public zero-argument constructor.

To use dependency injection add an other ObjectFactory implementation such as:
 * cucumber-picocontainer
 * cucumber-spring
 * cucumber-jakarta-cdi
 * ...etc

	at io.cucumber.core.backend.DefaultObjectFactory.cacheNewInstance(DefaultObjectFactory.java:57)
	at io.cucumber.core.backend.DefaultObjectFactory.getInstance(DefaultObjectFactory.java:45)
	at io.cucumber.java.AbstractGlueDefinition.invokeMethod(AbstractGlueDefinition.java:47)
	at io.cucumber.java.JavaStepDefinition.execute(JavaStepDefinition.java:29)
	at io.cucumber.core.runner.CoreStepDefinition.execute(CoreStepDefinition.java:66)
	at io.cucumber.core.runner.PickleStepDefinitionMatch.runStep(PickleStepDefinitionMatch.java:63)
	at io.cucumber.core.runner.ExecutionMode$1.execute(ExecutionMode.java:10)
	at io.cucumber.core.runner.TestStep.executeStep(TestStep.java:84)
	at io.cucumber.core.runner.TestStep.run(TestStep.java:56)
	at io.cucumber.core.runner.PickleStepTestStep.run(PickleStepTestStep.java:51)
	at io.cucumber.core.runner.TestCase.run(TestCase.java:84)
	at io.cucumber.core.runner.Runner.runPickle(Runner.java:75)
	at io.cucumber.junit.PickleRunners$NoStepDescriptions.lambda$run$0(PickleRunners.java:151)
	at io.cucumber.core.runtime.CucumberExecutionContext.lambda$runTestCase$5(CucumberExecutionContext.java:130)
	at io.cucumber.core.runtime.RethrowingThrowableCollector.executeAndThrow(RethrowingThrowableCollector.java:23)
	at io.cucumber.core.runtime.CucumberExecutionContext.runTestCase(CucumberExecutionContext.java:130)
	at io.cucumber.junit.PickleRunners$NoStepDescriptions.run(PickleRunners.java:148)
	at io.cucumber.junit.FeatureRunner.runChild(FeatureRunner.java:144)
	at io.cucumber.junit.FeatureRunner.runChild(FeatureRunner.java:28)
	at org.junit.runners.ParentRunner$4.run(ParentRunner.java:331)
	at org.junit.runners.ParentRunner$1.schedule(ParentRunner.java:79)
	at org.junit.runners.ParentRunner.runChildren(ParentRunner.java:329)
	at org.junit.runners.ParentRunner.access$100(ParentRunner.java:66)
	at org.junit.runners.ParentRunner$2.evaluate(ParentRunner.java:293)
	at org.junit.runners.ParentRunner$3.evaluate(ParentRunner.java:306)
	at org.junit.runners.ParentRunner.run(ParentRunner.java:413)
	at io.cucumber.junit.FeatureRunner.run(FeatureRunner.java:137)
	at io.cucumber.junit.Cucumber.runChild(Cucumber.java:196)
	at io.cucumber.junit.Cucumber.runChild(Cucumber.java:89)
	at org.junit.runners.ParentRunner$4.run(ParentRunner.java:331)
	at org.junit.runners.ParentRunner$1.schedule(ParentRunner.java:79)
	at org.junit.runners.ParentRunner.runChildren(ParentRunner.java:329)
	at org.junit.runners.ParentRunner.access$100(ParentRunner.java:66)
	at org.junit.runners.ParentRunner$2.evaluate(ParentRunner.java:293)
	at io.cucumber.junit.Cucumber$RunBeforeAllHooks.evaluate(Cucumber.java:266)
	at io.cucumber.junit.Cucumber$RunAfterAllHooks.evaluate(Cucumber.java:281)
	at io.cucumber.junit.Cucumber$StartTestRun.evaluate(Cucumber.java:233)
	at io.cucumber.junit.Cucumber$FinishTestRun.evaluate(Cucumber.java:248)
	at org.junit.runners.ParentRunner$3.evaluate(ParentRunner.java:306)
	at org.junit.runners.ParentRunner.run(ParentRunner.java:413)
	at org.apache.maven.surefire.junit4.JUnit4Provider.execute(JUnit4Provider.java:316)
	at org.apache.maven.surefire.junit4.JUnit4Provider.executeWithRerun(JUnit4Provider.java:240)
	at org.apache.maven.surefire.junit4.JUnit4Provider.executeTestSet(JUnit4Provider.java:214)
	at org.apache.maven.surefire.junit4.JUnit4Provider.invoke(JUnit4Provider.java:155)
	at org.apache.maven.surefire.booter.ForkedBooter.runSuitesInProcess(ForkedBooter.java:385)
	at org.apache.maven.surefire.booter.ForkedBooter.execute(ForkedBooter.java:162)
	at org.apache.maven.surefire.booter.ForkedBooter.run(ForkedBooter.java:507)
	at org.apache.maven.surefire.booter.ForkedBooter.main(ForkedBooter.java:495)
Caused by: java.lang.NoSuchMethodException: com.example.cucumber_selenium.EmailVerificationSteps.<init>()
	at java.base/java.lang.Class.getConstructor0(Class.java:3833)
	at java.base/java.lang.Class.getConstructor(Class.java:2501)
	at io.cucumber.core.backend.DefaultObjectFactory.cacheNewInstance(DefaultObjectFactory.java:52)
	... 47 more
]]></error>
    <system-out><![CDATA[
Scenario: Successful Email Verification                                    &amp#27;[90m# src/test/resources/EmailVerification.feature:7&amp#27;[0m
  &amp#27;[31mGiven &amp#27;[0m&amp#27;[31mthe user receives a verification email with a valid token&amp#27;[0m          &amp#27;[90m# com.example.cucumber_selenium.EmailVerificationSteps.the_user_receives_a_verification_email_with_a_valid_token()&amp#27;[0m
      &amp#27;[31mio.cucumber.core.exception.CucumberException: class com.example.cucumber_selenium.EmailVerificationSteps does not have a public zero-argument constructor.

To use dependency injection add an other ObjectFactory implementation such as:
 * cucumber-picocontainer
 * cucumber-spring
 * cucumber-jakarta-cdi
 * ...etc

	at io.cucumber.core.backend.DefaultObjectFactory.cacheNewInstance(DefaultObjectFactory.java:57)
	at io.cucumber.core.backend.DefaultObjectFactory.getInstance(DefaultObjectFactory.java:45)
	at io.cucumber.java.AbstractGlueDefinition.invokeMethod(AbstractGlueDefinition.java:47)
	at io.cucumber.java.JavaStepDefinition.execute(JavaStepDefinition.java:29)
	at io.cucumber.core.runner.CoreStepDefinition.execute(CoreStepDefinition.java:66)
	at io.cucumber.core.runner.PickleStepDefinitionMatch.runStep(PickleStepDefinitionMatch.java:63)
	at io.cucumber.core.runner.ExecutionMode$1.execute(ExecutionMode.java:10)
	at io.cucumber.core.runner.TestStep.executeStep(TestStep.java:84)
	at io.cucumber.core.runner.TestStep.run(TestStep.java:56)
	at io.cucumber.core.runner.PickleStepTestStep.run(PickleStepTestStep.java:51)
	at io.cucumber.core.runner.TestCase.run(TestCase.java:84)
	at io.cucumber.core.runner.Runner.runPickle(Runner.java:75)
	at io.cucumber.junit.PickleRunners$NoStepDescriptions.lambda$run$0(PickleRunners.java:151)
	at io.cucumber.core.runtime.CucumberExecutionContext.lambda$runTestCase$5(CucumberExecutionContext.java:130)
	at io.cucumber.core.runtime.RethrowingThrowableCollector.executeAndThrow(RethrowingThrowableCollector.java:23)
	at io.cucumber.core.runtime.CucumberExecutionContext.runTestCase(CucumberExecutionContext.java:130)
	at io.cucumber.junit.PickleRunners$NoStepDescriptions.run(PickleRunners.java:148)
	at io.cucumber.junit.FeatureRunner.runChild(FeatureRunner.java:144)
	at io.cucumber.junit.FeatureRunner.runChild(FeatureRunner.java:28)
	at org.junit.runners.ParentRunner$4.run(ParentRunner.java:331)
	at org.junit.runners.ParentRunner$1.schedule(ParentRunner.java:79)
	at org.junit.runners.ParentRunner.runChildren(ParentRunner.java:329)
	at org.junit.runners.ParentRunner.access$100(ParentRunner.java:66)
	at org.junit.runners.ParentRunner$2.evaluate(ParentRunner.java:293)
	at org.junit.runners.ParentRunner$3.evaluate(ParentRunner.java:306)
	at org.junit.runners.ParentRunner.run(ParentRunner.java:413)
	at io.cucumber.junit.FeatureRunner.run(FeatureRunner.java:137)
	at io.cucumber.junit.Cucumber.runChild(Cucumber.java:196)
	at io.cucumber.junit.Cucumber.runChild(Cucumber.java:89)
	at org.junit.runners.ParentRunner$4.run(ParentRunner.java:331)
	at org.junit.runners.ParentRunner$1.schedule(ParentRunner.java:79)
	at org.junit.runners.ParentRunner.runChildren(ParentRunner.java:329)
	at org.junit.runners.ParentRunner.access$100(ParentRunner.java:66)
	at org.junit.runners.ParentRunner$2.evaluate(ParentRunner.java:293)
	at io.cucumber.junit.Cucumber$RunBeforeAllHooks.evaluate(Cucumber.java:266)
	at io.cucumber.junit.Cucumber$RunAfterAllHooks.evaluate(Cucumber.java:281)
	at io.cucumber.junit.Cucumber$StartTestRun.evaluate(Cucumber.java:233)
	at io.cucumber.junit.Cucumber$FinishTestRun.evaluate(Cucumber.java:248)
	at org.junit.runners.ParentRunner$3.evaluate(ParentRunner.java:306)
	at org.junit.runners.ParentRunner.run(ParentRunner.java:413)
	at org.apache.maven.surefire.junit4.JUnit4Provider.execute(JUnit4Provider.java:316)
	at org.apache.maven.surefire.junit4.JUnit4Provider.executeWithRerun(JUnit4Provider.java:240)
	at org.apache.maven.surefire.junit4.JUnit4Provider.executeTestSet(JUnit4Provider.java:214)
	at org.apache.maven.surefire.junit4.JUnit4Provider.invoke(JUnit4Provider.java:155)
	at org.apache.maven.surefire.booter.ForkedBooter.runSuitesInProcess(ForkedBooter.java:385)
	at org.apache.maven.surefire.booter.ForkedBooter.execute(ForkedBooter.java:162)
	at org.apache.maven.surefire.booter.ForkedBooter.run(ForkedBooter.java:507)
	at org.apache.maven.surefire.booter.ForkedBooter.main(ForkedBooter.java:495)
Caused by: java.lang.NoSuchMethodException: com.example.cucumber_selenium.EmailVerificationSteps.<init>()
	at java.base/java.lang.Class.getConstructor0(Class.java:3833)
	at java.base/java.lang.Class.getConstructor(Class.java:2501)
	at io.cucumber.core.backend.DefaultObjectFactory.cacheNewInstance(DefaultObjectFactory.java:52)
	... 47 more
&amp#27;[0m
  &amp#27;[36mWhen &amp#27;[0m&amp#27;[36mthe user clicks the verification link in the email&amp#27;[0m
  &amp#27;[36mThen &amp#27;[0m&amp#27;[36mthe user should be redirected to the login page&amp#27;[0m
  &amp#27;[36mAnd &amp#27;[0m&amp#27;[36ma success message "Email verified successfully!" should be displayed&amp#27;[0m
]]></system-out>
  </testcase>
  <testcase name="Successful Login" classname="User Login" time="10.241">
    <system-out><![CDATA[
Scenario: Successful Login               &amp#27;[90m# src/test/resources/login.feature:7&amp#27;[0m
Title: Login | Demo1
  &amp#27;[32mGiven &amp#27;[0m&amp#27;[32mthe user is on the login page&amp#27;[0m    &amp#27;[90m# com.example.cucumber_selenium.loginSteps.the_user_is_on_the_login_page()&amp#27;[0m
Username Field: [[ChromeDriver: chrome on WINDOWS (bbc29e8feea861da0d9525e19b3c5be7)] -> name: username]
  &amp#27;[32mWhen &amp#27;[0m&amp#27;[32mthe user enters valid credentials&amp#27;[0m &amp#27;[90m# com.example.cucumber_selenium.loginSteps.the_user_enters_valid_credentials(io.cucumber.datatable.DataTable)&amp#27;[0m
    | username                     | password   |
    | parth@sourcenettechnology.in | Parth@2002 |
  &amp#27;[32mAnd &amp#27;[0m&amp#27;[32mclicks the &amp#27;[0m&amp#27;[32m&amp#27;[1m"loginbtn"&amp#27;[0m&amp#27;[32m button&amp#27;[0m       &amp#27;[90m# com.example.cucumber_selenium.loginSteps.clicks_the_button(java.lang.String)&amp#27;[0m
  &amp#27;[32mThen &amp#27;[0m&amp#27;[32mthe user should be logged in&amp#27;[0m      &amp#27;[90m# com.example.cucumber_selenium.loginSteps.the_user_should_be_logged_in()&amp#27;[0m
]]></system-out>
    <system-err><![CDATA[[main] INFO io.github.bonigarcia.wdm.WebDriverManager - Using chromedriver 133.0.6943.126 (resolved driver for Chrome 133)
[main] INFO io.github.bonigarcia.wdm.WebDriverManager - Exporting webdriver.chrome.driver as C:\Users\OFFICE-1\.cache\selenium\chromedriver\win64\133.0.6943.126\chromedriver.exe
Starting ChromeDriver 133.0.6943.126 (cffa127ce7b6be72885391527c15b452056a2e81-refs/branch-heads/6943@{#1570}) on port 1446
Only local connections are allowed.
Please see https://chromedriver.chromium.org/security-considerations for suggestions on keeping ChromeDriver safe.
ChromeDriver was started successfully on port 1446.
Feb 25, 2025 3:15:36 PM org.openqa.selenium.devtools.CdpVersionFinder findNearestMatch
WARNING: Unable to find CDP implementation matching 133
Feb 25, 2025 3:15:36 PM org.openqa.selenium.chromium.ChromiumDriver lambda$new$3
WARNING: Unable to find version of CDP to use for . You may need to include a dependency on a specific version of the CDP using something similar to `org.seleniumhq.selenium:selenium-devtools-v86:4.8.0` where the version ("v86") matches the version of the chromium-based browser you're using and the version number of the artifact is the same as Selenium's.
An error has occurred on login: Expected condition failed: waiting for url to be "http://localhost:3000/". Current url: "http://localhost:3000/login" (tried for 5 second(s) with 500 milliseconds interval)
Build info: version: '4.8.0', revision: '267030adea'
System info: os.name: 'Windows 10', os.arch: 'amd64', os.version: '10.0', java.version: '23.0.2'
Driver info: org.openqa.selenium.chrome.ChromeDriver
Capabilities {acceptInsecureCerts: false, browserName: chrome, browserVersion: 133.0.6943.127, chrome: {chromedriverVersion: 133.0.6943.126 (cffa127ce7b..., userDataDir: C:\Users\OFFICE-1\AppData\L...}, fedcm:accounts: true, goog:chromeOptions: {debuggerAddress: localhost:54331}, networkConnectionEnabled: false, pageLoadStrategy: normal, platformName: WINDOWS, proxy: Proxy(), se:cdp: ws://localhost:54331/devtoo..., se:cdpVersion: 133.0.6943.127, setWindowRect: true, strictFileInteractability: false, timeouts: {implicit: 0, pageLoad: 300000, script: 30000}, unhandledPromptBehavior: dismiss and notify, webauthn:extension:credBlob: true, webauthn:extension:largeBlob: true, webauthn:extension:minPinLength: true, webauthn:extension:prf: true, webauthn:virtualAuthenticators: true}
Session ID: bbc29e8feea861da0d9525e19b3c5be7
]]></system-err>
  </testcase>
  <testcase name="Incorrect Password" classname="User Login" time="2.917">
    <system-out><![CDATA[
Scenario: Incorrect Password                                                                       &amp#27;[90m# src/test/resources/login.feature:15&amp#27;[0m
Title: Login | Demo1
  &amp#27;[32mGiven &amp#27;[0m&amp#27;[32mthe user is on the login page&amp#27;[0m                                                              &amp#27;[90m# com.example.cucumber_selenium.loginSteps.the_user_is_on_the_login_page()&amp#27;[0m
Username Field: [[ChromeDriver: chrome on WINDOWS (be2c0786ef4d0e04bf9d3f7ed26a623c)] -> name: username]
  &amp#27;[32mWhen &amp#27;[0m&amp#27;[32mthe user enters incorrect password&amp#27;[0m                                                          &amp#27;[90m# com.example.cucumber_selenium.loginSteps.the_user_enters_incorrect_password(io.cucumber.datatable.DataTable)&amp#27;[0m
    | username                     | password  |
    | parth@sourcenettechnology.in | Parth@123 |
  &amp#27;[32mAnd &amp#27;[0m&amp#27;[32mclicks the &amp#27;[0m&amp#27;[32m&amp#27;[1m"loginbtn"&amp#27;[0m&amp#27;[32m button&amp#27;[0m                                                                 &amp#27;[90m# com.example.cucumber_selenium.loginSteps.clicks_the_button(java.lang.String)&amp#27;[0m
  &amp#27;[32mThen &amp#27;[0m&amp#27;[32mthe user should see an error message &amp#27;[0m&amp#27;[32m&amp#27;[1m"Something went wrong. Please check your credentials."&amp#27;[0m &amp#27;[90m# com.example.cucumber_selenium.loginSteps.the_user_should_see_an_error_message(java.lang.String)&amp#27;[0m
  &amp#27;[32mAnd &amp#27;[0m&amp#27;[32mthe user should remain on the login page&amp#27;[0m                                                     &amp#27;[90m# com.example.cucumber_selenium.loginSteps.the_user_should_remain_on_the_login_page()&amp#27;[0m
]]></system-out>
    <system-err><![CDATA[[main] INFO io.github.bonigarcia.wdm.WebDriverManager - Using chromedriver 133.0.6943.126 (resolved driver for Chrome 133)
[main] INFO io.github.bonigarcia.wdm.WebDriverManager - Exporting webdriver.chrome.driver as C:\Users\OFFICE-1\.cache\selenium\chromedriver\win64\133.0.6943.126\chromedriver.exe
Starting ChromeDriver 133.0.6943.126 (cffa127ce7b6be72885391527c15b452056a2e81-refs/branch-heads/6943@{#1570}) on port 2316
Only local connections are allowed.
Please see https://chromedriver.chromium.org/security-considerations for suggestions on keeping ChromeDriver safe.
ChromeDriver was started successfully on port 2316.
Feb 25, 2025 3:15:44 PM org.openqa.selenium.devtools.CdpVersionFinder findNearestMatch
WARNING: Unable to find CDP implementation matching 133
Feb 25, 2025 3:15:44 PM org.openqa.selenium.chromium.ChromiumDriver lambda$new$3
WARNING: Unable to find version of CDP to use for . You may need to include a dependency on a specific version of the CDP using something similar to `org.seleniumhq.selenium:selenium-devtools-v86:4.8.0` where the version ("v86") matches the version of the chromium-based browser you're using and the version number of the artifact is the same as Selenium's.
]]></system-err>
  </testcase>
  <testcase name="Incorrect Username" classname="User Login" time="2.898">
    <system-out><![CDATA[
Scenario: Incorrect Username                                                                       &amp#27;[90m# src/test/resources/login.feature:24&amp#27;[0m
Title: Login | Demo1
  &amp#27;[32mGiven &amp#27;[0m&amp#27;[32mthe user is on the login page&amp#27;[0m                                                              &amp#27;[90m# com.example.cucumber_selenium.loginSteps.the_user_is_on_the_login_page()&amp#27;[0m
Username Field: [[ChromeDriver: chrome on WINDOWS (bf52fe84260ff3da68a1fc871fdc62eb)] -> name: username]
  &amp#27;[32mWhen &amp#27;[0m&amp#27;[32mthe user enters incorrect username&amp#27;[0m                                                          &amp#27;[90m# com.example.cucumber_selenium.loginSteps.the_user_enters_incorrect_username(io.cucumber.datatable.DataTable)&amp#27;[0m
    | username                       | password   |
    | parth12@sourcenettechnology.in | Parth@2002 |
  &amp#27;[32mAnd &amp#27;[0m&amp#27;[32mclicks the &amp#27;[0m&amp#27;[32m&amp#27;[1m"loginbtn"&amp#27;[0m&amp#27;[32m button&amp#27;[0m                                                                 &amp#27;[90m# com.example.cucumber_selenium.loginSteps.clicks_the_button(java.lang.String)&amp#27;[0m
  &amp#27;[32mThen &amp#27;[0m&amp#27;[32mthe user should see an error message &amp#27;[0m&amp#27;[32m&amp#27;[1m"Something went wrong. Please check your credentials."&amp#27;[0m &amp#27;[90m# com.example.cucumber_selenium.loginSteps.the_user_should_see_an_error_message(java.lang.String)&amp#27;[0m
  &amp#27;[32mAnd &amp#27;[0m&amp#27;[32mthe user should remain on the login page&amp#27;[0m                                                     &amp#27;[90m# com.example.cucumber_selenium.loginSteps.the_user_should_remain_on_the_login_page()&amp#27;[0m
]]></system-out>
    <system-err><![CDATA[[main] INFO io.github.bonigarcia.wdm.WebDriverManager - Using chromedriver 133.0.6943.126 (resolved driver for Chrome 133)
[main] INFO io.github.bonigarcia.wdm.WebDriverManager - Exporting webdriver.chrome.driver as C:\Users\OFFICE-1\.cache\selenium\chromedriver\win64\133.0.6943.126\chromedriver.exe
Starting ChromeDriver 133.0.6943.126 (cffa127ce7b6be72885391527c15b452056a2e81-refs/branch-heads/6943@{#1570}) on port 29606
Only local connections are allowed.
Please see https://chromedriver.chromium.org/security-considerations for suggestions on keeping ChromeDriver safe.
ChromeDriver was started successfully on port 29606.
Feb 25, 2025 3:15:47 PM org.openqa.selenium.devtools.CdpVersionFinder findNearestMatch
WARNING: Unable to find CDP implementation matching 133
Feb 25, 2025 3:15:47 PM org.openqa.selenium.chromium.ChromiumDriver lambda$new$3
WARNING: Unable to find version of CDP to use for . You may need to include a dependency on a specific version of the CDP using something similar to `org.seleniumhq.selenium:selenium-devtools-v86:4.8.0` where the version ("v86") matches the version of the chromium-based browser you're using and the version number of the artifact is the same as Selenium's.
]]></system-err>
  </testcase>
  <testcase name="Empty Username and Password" classname="User Login" time="2.776">
    <system-out><![CDATA[
Scenario: Empty Username and Password                                             &amp#27;[90m# src/test/resources/login.feature:33&amp#27;[0m
Title: Login | Demo1
  &amp#27;[32mGiven &amp#27;[0m&amp#27;[32mthe user is on the login page&amp#27;[0m                                             &amp#27;[90m# com.example.cucumber_selenium.loginSteps.the_user_is_on_the_login_page()&amp#27;[0m
  &amp#27;[32mWhen &amp#27;[0m&amp#27;[32mthe user leaves username and password blank&amp#27;[0m                                &amp#27;[90m# com.example.cucumber_selenium.loginSteps.the_user_leaves_username_and_password_blank(io.cucumber.datatable.DataTable)&amp#27;[0m
    | username | password |
    | [empty]  | [empty]  |
  &amp#27;[32mAnd &amp#27;[0m&amp#27;[32mclicks the &amp#27;[0m&amp#27;[32m&amp#27;[1m"loginbtn"&amp#27;[0m&amp#27;[32m button&amp#27;[0m                                                &amp#27;[90m# com.example.cucumber_selenium.loginSteps.clicks_the_button(java.lang.String)&amp#27;[0m
  &amp#27;[32mThen &amp#27;[0m&amp#27;[32mthe user should see an error message &amp#27;[0m&amp#27;[32m&amp#27;[1m"Username and Password are required."&amp#27;[0m &amp#27;[90m# com.example.cucumber_selenium.loginSteps.the_user_should_see_an_error_message(java.lang.String)&amp#27;[0m
  &amp#27;[32mAnd &amp#27;[0m&amp#27;[32mthe user should remain on the login page&amp#27;[0m                                    &amp#27;[90m# com.example.cucumber_selenium.loginSteps.the_user_should_remain_on_the_login_page()&amp#27;[0m
]]></system-out>
    <system-err><![CDATA[[main] INFO io.github.bonigarcia.wdm.WebDriverManager - Using chromedriver 133.0.6943.126 (resolved driver for Chrome 133)
[main] INFO io.github.bonigarcia.wdm.WebDriverManager - Exporting webdriver.chrome.driver as C:\Users\OFFICE-1\.cache\selenium\chromedriver\win64\133.0.6943.126\chromedriver.exe
Starting ChromeDriver 133.0.6943.126 (cffa127ce7b6be72885391527c15b452056a2e81-refs/branch-heads/6943@{#1570}) on port 25270
Only local connections are allowed.
Please see https://chromedriver.chromium.org/security-considerations for suggestions on keeping ChromeDriver safe.
ChromeDriver was started successfully on port 25270.
Feb 25, 2025 3:15:50 PM org.openqa.selenium.devtools.CdpVersionFinder findNearestMatch
WARNING: Unable to find CDP implementation matching 133
Feb 25, 2025 3:15:50 PM org.openqa.selenium.chromium.ChromiumDriver lambda$new$3
WARNING: Unable to find version of CDP to use for . You may need to include a dependency on a specific version of the CDP using something similar to `org.seleniumhq.selenium:selenium-devtools-v86:4.8.0` where the version ("v86") matches the version of the chromium-based browser you're using and the version number of the artifact is the same as Selenium's.
An error has occurred on login: Keys to send should be a not null CharSequence
]]></system-err>
  </testcase>
  <testcase name="Password Visibility Toggle" classname="User Login" time="2.845">
    <system-out><![CDATA[
Scenario: Password Visibility Toggle         &amp#27;[90m# src/test/resources/login.feature:42&amp#27;[0m
Title: Login | Demo1
  &amp#27;[32mGiven &amp#27;[0m&amp#27;[32mthe user is on the login page&amp#27;[0m        &amp#27;[90m# com.example.cucumber_selenium.loginSteps.the_user_is_on_the_login_page()&amp#27;[0m
Username Field: [[ChromeDriver: chrome on WINDOWS (6200f77f654c0a811d5ccec29fd468fd)] -> name: username]
  &amp#27;[32mWhen &amp#27;[0m&amp#27;[32mthe user enters a password&amp#27;[0m            &amp#27;[90m# com.example.cucumber_selenium.loginSteps.the_user_enters_a_password(io.cucumber.datatable.DataTable)&amp#27;[0m
    | username                     | password   |
    | parth@sourcenettechnology.in | Parth@2002 |
  &amp#27;[32mAnd &amp#27;[0m&amp#27;[32mclicks the &amp#27;[0m&amp#27;[32m&amp#27;[1m"eye-icon"&amp#27;[0m&amp#27;[32m toggle&amp#27;[0m           &amp#27;[90m# com.example.cucumber_selenium.loginSteps.clicks_the_toggle(java.lang.String)&amp#27;[0m
  &amp#27;[32mThen &amp#27;[0m&amp#27;[32mthe password should be visible&amp#27;[0m        &amp#27;[90m# com.example.cucumber_selenium.loginSteps.the_password_should_be_visible()&amp#27;[0m
  &amp#27;[32mWhen &amp#27;[0m&amp#27;[32mthe user clicks the &amp#27;[0m&amp#27;[32m&amp#27;[1m"eye-icon"&amp#27;[0m&amp#27;[32m toggle&amp#27;[0m &amp#27;[90m# com.example.cucumber_selenium.loginSteps.the_user_clicks_the_toggle(java.lang.String)&amp#27;[0m
  &amp#27;[32mThen &amp#27;[0m&amp#27;[32mthe password should be hidden&amp#27;[0m         &amp#27;[90m# com.example.cucumber_selenium.loginSteps.the_password_should_be_hidden()&amp#27;[0m
]]></system-out>
    <system-err><![CDATA[[main] INFO io.github.bonigarcia.wdm.WebDriverManager - Using chromedriver 133.0.6943.126 (resolved driver for Chrome 133)
[main] INFO io.github.bonigarcia.wdm.WebDriverManager - Exporting webdriver.chrome.driver as C:\Users\OFFICE-1\.cache\selenium\chromedriver\win64\133.0.6943.126\chromedriver.exe
Starting ChromeDriver 133.0.6943.126 (cffa127ce7b6be72885391527c15b452056a2e81-refs/branch-heads/6943@{#1570}) on port 48460
Only local connections are allowed.
Please see https://chromedriver.chromium.org/security-considerations for suggestions on keeping ChromeDriver safe.
ChromeDriver was started successfully on port 48460.
Feb 25, 2025 3:15:52 PM org.openqa.selenium.devtools.CdpVersionFinder findNearestMatch
WARNING: Unable to find CDP implementation matching 133
Feb 25, 2025 3:15:52 PM org.openqa.selenium.chromium.ChromiumDriver lambda$new$3
WARNING: Unable to find version of CDP to use for . You may need to include a dependency on a specific version of the CDP using something similar to `org.seleniumhq.selenium:selenium-devtools-v86:4.8.0` where the version ("v86") matches the version of the chromium-based browser you're using and the version number of the artifact is the same as Selenium's.
]]></system-err>
  </testcase>
  <testcase name="Successful Registration" classname="User Registration" time="7.539">
    <system-out><![CDATA[
Scenario: Successful Registration                 &amp#27;[90m# src/test/resources/register.feature:7&amp#27;[0m
Title: Register | Demo1
  &amp#27;[32mGiven &amp#27;[0m&amp#27;[32mthe user is on the registration page&amp#27;[0m      &amp#27;[90m# com.example.cucumber_selenium.registerSteps.the_user_is_on_the_registration_page()&amp#27;[0m
Username Field: [[ChromeDriver: chrome on WINDOWS (affd6e674c562b177d417fc88dd9f9e4)] -> name: username]
  &amp#27;[32mWhen &amp#27;[0m&amp#27;[32mthe user enters valid registration details&amp#27;[0m &amp#27;[90m# com.example.cucumber_selenium.registerSteps.the_user_enters_valid_registration_details(io.cucumber.datatable.DataTable)&amp#27;[0m
    | username                | password  |
    | jirek80396@noomlocs.com | Parth@123 |
  &amp#27;[32mAnd &amp#27;[0m&amp#27;[32mclicks the register &amp#27;[0m&amp#27;[32m&amp#27;[1m"registerbtn"&amp#27;[0m&amp#27;[32m button&amp#27;[0m    &amp#27;[90m# com.example.cucumber_selenium.registerSteps.clicks_register_the_button(java.lang.String)&amp#27;[0m
  &amp#27;[32mThen &amp#27;[0m&amp#27;[32mthe user should be auto logged in&amp#27;[0m          &amp#27;[90m# com.example.cucumber_selenium.registerSteps.the_user_should_be_logged_in()&amp#27;[0m
]]></system-out>
    <system-err><![CDATA[[main] INFO io.github.bonigarcia.wdm.WebDriverManager - Using chromedriver 133.0.6943.126 (resolved driver for Chrome 133)
[main] INFO io.github.bonigarcia.wdm.WebDriverManager - Exporting webdriver.chrome.driver as C:\Users\OFFICE-1\.cache\selenium\chromedriver\win64\133.0.6943.126\chromedriver.exe
Starting ChromeDriver 133.0.6943.126 (cffa127ce7b6be72885391527c15b452056a2e81-refs/branch-heads/6943@{#1570}) on port 24579
Only local connections are allowed.
Please see https://chromedriver.chromium.org/security-considerations for suggestions on keeping ChromeDriver safe.
ChromeDriver was started successfully on port 24579.
Feb 25, 2025 3:15:55 PM org.openqa.selenium.devtools.CdpVersionFinder findNearestMatch
WARNING: Unable to find CDP implementation matching 133
Feb 25, 2025 3:15:55 PM org.openqa.selenium.chromium.ChromiumDriver lambda$new$3
WARNING: Unable to find version of CDP to use for . You may need to include a dependency on a specific version of the CDP using something similar to `org.seleniumhq.selenium:selenium-devtools-v86:4.8.0` where the version ("v86") matches the version of the chromium-based browser you're using and the version number of the artifact is the same as Selenium's.
An error has occurred on login: Expected condition failed: waiting for url to be "http://localhost:3000/". Current url: "http://localhost:3000/register" (tried for 5 second(s) with 500 milliseconds interval)
Build info: version: '4.8.0', revision: '267030adea'
System info: os.name: 'Windows 10', os.arch: 'amd64', os.version: '10.0', java.version: '23.0.2'
Driver info: org.openqa.selenium.chrome.ChromeDriver
Capabilities {acceptInsecureCerts: false, browserName: chrome, browserVersion: 133.0.6943.127, chrome: {chromedriverVersion: 133.0.6943.126 (cffa127ce7b..., userDataDir: C:\Users\OFFICE-1\AppData\L...}, fedcm:accounts: true, goog:chromeOptions: {debuggerAddress: localhost:54937}, networkConnectionEnabled: false, pageLoadStrategy: normal, platformName: WINDOWS, proxy: Proxy(), se:cdp: ws://localhost:54937/devtoo..., se:cdpVersion: 133.0.6943.127, setWindowRect: true, strictFileInteractability: false, timeouts: {implicit: 0, pageLoad: 300000, script: 30000}, unhandledPromptBehavior: dismiss and notify, webauthn:extension:credBlob: true, webauthn:extension:largeBlob: true, webauthn:extension:minPinLength: true, webauthn:extension:prf: true, webauthn:virtualAuthenticators: true}
Session ID: affd6e674c562b177d417fc88dd9f9e4
]]></system-err>
  </testcase>
  <testcase name="Username Already Exists" classname="User Registration" time="3.134">
    <system-out><![CDATA[
Scenario: Username Already Exists                                                                 &amp#27;[90m# src/test/resources/register.feature:15&amp#27;[0m
Title: Register | Demo1
  &amp#27;[32mGiven &amp#27;[0m&amp#27;[32mthe user is on the registration page&amp#27;[0m                                                      &amp#27;[90m# com.example.cucumber_selenium.registerSteps.the_user_is_on_the_registration_page()&amp#27;[0m
Username Field: [[ChromeDriver: chrome on WINDOWS (d26ee0a5462639836e1b236ba1caa522)] -> name: username]
  &amp#27;[32mWhen &amp#27;[0m&amp#27;[32mthe user enters registration details with an existing username&amp#27;[0m                             &amp#27;[90m# com.example.cucumber_selenium.registerSteps.the_user_enters_registration_details_with_an_existing_username(io.cucumber.datatable.DataTable)&amp#27;[0m
    | username                | password  |
    | jirek80396@noomlocs.com | Parth@123 |
  &amp#27;[32mAnd &amp#27;[0m&amp#27;[32mclicks the register &amp#27;[0m&amp#27;[32m&amp#27;[1m"registerbtn"&amp#27;[0m&amp#27;[32m button&amp#27;[0m                                                    &amp#27;[90m# com.example.cucumber_selenium.registerSteps.clicks_register_the_button(java.lang.String)&amp#27;[0m
  &amp#27;[32mThen &amp#27;[0m&amp#27;[32mthe user should remain on the registration page&amp#27;[0m                                            &amp#27;[90m# com.example.cucumber_selenium.registerSteps.the_user_should_remain_on_the_registration_page()&amp#27;[0m
  &amp#27;[32mAnd &amp#27;[0m&amp#27;[32man error message &amp#27;[0m&amp#27;[32m&amp#27;[1m"Something went wrong. Please check your credentials."&amp#27;[0m&amp#27;[32m should be displayed&amp#27;[0m &amp#27;[90m# com.example.cucumber_selenium.registerSteps.an_error_message_should_be_displayed(java.lang.String)&amp#27;[0m
]]></system-out>
    <system-err><![CDATA[[main] INFO io.github.bonigarcia.wdm.WebDriverManager - Using chromedriver 133.0.6943.126 (resolved driver for Chrome 133)
[main] INFO io.github.bonigarcia.wdm.WebDriverManager - Exporting webdriver.chrome.driver as C:\Users\OFFICE-1\.cache\selenium\chromedriver\win64\133.0.6943.126\chromedriver.exe
Starting ChromeDriver 133.0.6943.126 (cffa127ce7b6be72885391527c15b452056a2e81-refs/branch-heads/6943@{#1570}) on port 11289
Only local connections are allowed.
Please see https://chromedriver.chromium.org/security-considerations for suggestions on keeping ChromeDriver safe.
ChromeDriver was started successfully on port 11289.
Feb 25, 2025 3:16:03 PM org.openqa.selenium.devtools.CdpVersionFinder findNearestMatch
WARNING: Unable to find CDP implementation matching 133
Feb 25, 2025 3:16:03 PM org.openqa.selenium.chromium.ChromiumDriver lambda$new$3
WARNING: Unable to find version of CDP to use for . You may need to include a dependency on a specific version of the CDP using something similar to `org.seleniumhq.selenium:selenium-devtools-v86:4.8.0` where the version ("v86") matches the version of the chromium-based browser you're using and the version number of the artifact is the same as Selenium's.
]]></system-err>
  </testcase>
  <testcase name="Empty Required Fields" classname="User Registration" time="2.492">
    <system-out><![CDATA[
Scenario: Empty Required Fields                                                  &amp#27;[90m# src/test/resources/register.feature:24&amp#27;[0m
Title: Register | Demo1
  &amp#27;[32mGiven &amp#27;[0m&amp#27;[32mthe user is on the registration page&amp#27;[0m                                     &amp#27;[90m# com.example.cucumber_selenium.registerSteps.the_user_is_on_the_registration_page()&amp#27;[0m
  &amp#27;[32mWhen &amp#27;[0m&amp#27;[32mthe user attempts to register with empty required fields&amp#27;[0m                  &amp#27;[90m# com.example.cucumber_selenium.registerSteps.the_user_attempts_to_register_with_empty_required_fields(io.cucumber.datatable.DataTable)&amp#27;[0m
    | username | password |
    | [empty]  | [empty]  |
  &amp#27;[32mAnd &amp#27;[0m&amp#27;[32mclicks the register &amp#27;[0m&amp#27;[32m&amp#27;[1m"registerbtn"&amp#27;[0m&amp#27;[32m button&amp#27;[0m                                   &amp#27;[90m# com.example.cucumber_selenium.registerSteps.clicks_register_the_button(java.lang.String)&amp#27;[0m
  &amp#27;[32mThen &amp#27;[0m&amp#27;[32mthe user should remain on the registration page&amp#27;[0m                           &amp#27;[90m# com.example.cucumber_selenium.registerSteps.the_user_should_remain_on_the_registration_page()&amp#27;[0m
  &amp#27;[32mAnd &amp#27;[0m&amp#27;[32man error message &amp#27;[0m&amp#27;[32m&amp#27;[1m"Username and Password are required."&amp#27;[0m&amp#27;[32m should be displayed&amp#27;[0m &amp#27;[90m# com.example.cucumber_selenium.registerSteps.an_error_message_should_be_displayed(java.lang.String)&amp#27;[0m
]]></system-out>
    <system-err><![CDATA[[main] INFO io.github.bonigarcia.wdm.WebDriverManager - Using chromedriver 133.0.6943.126 (resolved driver for Chrome 133)
[main] INFO io.github.bonigarcia.wdm.WebDriverManager - Exporting webdriver.chrome.driver as C:\Users\OFFICE-1\.cache\selenium\chromedriver\win64\133.0.6943.126\chromedriver.exe
Starting ChromeDriver 133.0.6943.126 (cffa127ce7b6be72885391527c15b452056a2e81-refs/branch-heads/6943@{#1570}) on port 14563
Only local connections are allowed.
Please see https://chromedriver.chromium.org/security-considerations for suggestions on keeping ChromeDriver safe.
ChromeDriver was started successfully on port 14563.
Feb 25, 2025 3:16:06 PM org.openqa.selenium.devtools.CdpVersionFinder findNearestMatch
WARNING: Unable to find CDP implementation matching 133
Feb 25, 2025 3:16:06 PM org.openqa.selenium.chromium.ChromiumDriver lambda$new$3
WARNING: Unable to find version of CDP to use for . You may need to include a dependency on a specific version of the CDP using something similar to `org.seleniumhq.selenium:selenium-devtools-v86:4.8.0` where the version ("v86") matches the version of the chromium-based browser you're using and the version number of the artifact is the same as Selenium's.
An error has occurred on register: Keys to send should be a not null CharSequence
]]></system-err>
  </testcase>
  <testcase name="Password Visibility Toggle" classname="User Registration" time="2.55">
    <system-out><![CDATA[
Scenario: Password Visibility Toggle                           &amp#27;[90m# src/test/resources/register.feature:33&amp#27;[0m
Title: Register | Demo1
  &amp#27;[32mGiven &amp#27;[0m&amp#27;[32mthe user is on the registration page&amp#27;[0m                   &amp#27;[90m# com.example.cucumber_selenium.registerSteps.the_user_is_on_the_registration_page()&amp#27;[0m
Username Field: [[ChromeDriver: chrome on WINDOWS (9af457ac8f6372066d8377bbeaf533df)] -> name: username]
  &amp#27;[32mWhen &amp#27;[0m&amp#27;[32mthe user enters a password on the registration page&amp#27;[0m     &amp#27;[90m# com.example.cucumber_selenium.registerSteps.the_user_enters_a_password_on_the_registration_page(io.cucumber.datatable.DataTable)&amp#27;[0m
    | username                     | password   |
    | parth@sourcenettechnology.in | Parth@2002 |
  &amp#27;[32mAnd &amp#27;[0m&amp#27;[32mclicks the register &amp#27;[0m&amp#27;[32m&amp#27;[1m"eye-icon"&amp#27;[0m&amp#27;[32m toggle&amp#27;[0m                    &amp#27;[90m# com.example.cucumber_selenium.registerSteps.clicks_the_register_toggle(java.lang.String)&amp#27;[0m
  &amp#27;[32mThen &amp#27;[0m&amp#27;[32mthe password should be visible on the registration page&amp#27;[0m &amp#27;[90m# com.example.cucumber_selenium.registerSteps.the_password_should_be_visible_on_the_registration_page()&amp#27;[0m
  &amp#27;[32mWhen &amp#27;[0m&amp#27;[32mclicks the register &amp#27;[0m&amp#27;[32m&amp#27;[1m"eye-icon"&amp#27;[0m&amp#27;[32m toggle&amp#27;[0m                   &amp#27;[90m# com.example.cucumber_selenium.registerSteps.clicks_the_register_toggle(java.lang.String)&amp#27;[0m
  &amp#27;[32mThen &amp#27;[0m&amp#27;[32mthe password should be hidden on the registration page&amp#27;[0m  &amp#27;[90m# com.example.cucumber_selenium.registerSteps.the_password_should_be_hidden_on_the_registration_page()&amp#27;[0m
]]></system-out>
    <system-err><![CDATA[[main] INFO io.github.bonigarcia.wdm.WebDriverManager - Using chromedriver 133.0.6943.126 (resolved driver for Chrome 133)
[main] INFO io.github.bonigarcia.wdm.WebDriverManager - Exporting webdriver.chrome.driver as C:\Users\OFFICE-1\.cache\selenium\chromedriver\win64\133.0.6943.126\chromedriver.exe
Starting ChromeDriver 133.0.6943.126 (cffa127ce7b6be72885391527c15b452056a2e81-refs/branch-heads/6943@{#1570}) on port 21893
Only local connections are allowed.
Please see https://chromedriver.chromium.org/security-considerations for suggestions on keeping ChromeDriver safe.
ChromeDriver was started successfully on port 21893.
Feb 25, 2025 3:16:08 PM org.openqa.selenium.devtools.CdpVersionFinder findNearestMatch
WARNING: Unable to find CDP implementation matching 133
Feb 25, 2025 3:16:08 PM org.openqa.selenium.chromium.ChromiumDriver lambda$new$3
WARNING: Unable to find version of CDP to use for . You may need to include a dependency on a specific version of the CDP using something similar to `org.seleniumhq.selenium:selenium-devtools-v86:4.8.0` where the version ("v86") matches the version of the chromium-based browser you're using and the version number of the artifact is the same as Selenium's.
]]></system-err>
  </testcase>
</testsuite>